<?xml version="1.0" encoding="UTF-8"?>
<!-- Generated by org.testng.reporters.JUnitXMLReporter -->
<testsuite hostname="DESKTOP-I5CHBCE" ignored="0" name="Command line test" tests="4" failures="2" timestamp="2022-03-08T11:48:20 CET" time="0.056" errors="0">
  <testcase name="testFindFromArray" time="0.008" classname="com.leetcode.LongestCommonPrefixTest"/>
  <testcase name="testFindFromArrayWithOneElement" time="0.0" classname="com.leetcode.LongestCommonPrefixTest">
    <failure type="java.lang.AssertionError" message="expected [] but found [a]">
      <![CDATA[java.lang.AssertionError: expected [] but found [a]
at com.leetcode.LongestCommonPrefixTest.testFindFromArrayWithOneElement(LongestCommonPrefixTest.java:19)
at java.util.ArrayList.forEach(ArrayList.java:1257)
... Removed 42 stack frames]]>
    </failure>
  </testcase> <!-- testFindFromArrayWithOneElement -->
  <testcase name="testFindFromArrayWithoutElements" time="0.0" classname="com.leetcode.LongestCommonPrefixTest"/>
  <testcase name="testFindFromArrayWithoutMatches" time="0.0" classname="com.leetcode.LongestCommonPrefixTest">
    <failure type="java.lang.AssertionError" message="expected [] but found [abcde]">
      <![CDATA[java.lang.AssertionError: expected [] but found [abcde]
at com.leetcode.LongestCommonPrefixTest.testFindFromArrayWithoutMatches(LongestCommonPrefixTest.java:33)
at java.util.ArrayList.forEach(ArrayList.java:1257)
... Removed 42 stack frames]]>
    </failure>
  </testcase> <!-- testFindFromArrayWithoutMatches -->
</testsuite> <!-- Command line test -->
